<?xml version="1.0" encoding="UTF-8"?>
<!-- Generated by org.testng.reporters.JUnitReportReporter -->
<testsuite hostname="Hanishs-MacBook-Air.local" failures="0" tests="2" name="pallavi.com.SeleniumFramework.tests.ErrorValidationsTest" time="154.897" errors="0" timestamp="2024-07-21T19:27:24 IST" skipped="0">
  <testcase classname="pallavi.com.SeleniumFramework.tests.ErrorValidationsTest" name="LoginPageErrorValidation" time="3.886"/>
  <testcase classname="pallavi.com.SeleniumFramework.tests.ErrorValidationsTest" name="ProductNameErrorValidation" time="151.011"/>
</testsuite> <!-- pallavi.com.SeleniumFramework.tests.ErrorValidationsTest -->
