<?xml version="1.0" encoding="UTF-8"?>
<!-- Generated by org.testng.reporters.JUnitReportReporter -->
<testsuite hostname="Hanishs-MacBook-Air.local" failures="0" tests="1" name="pallavi.com.SeleniumFramework.tests.Products" time="18.533" errors="0" timestamp="2024-05-31T19:36:45 IST" skipped="0">
  <testcase classname="pallavi.com.SeleniumFramework.tests.Products" name="SubmitOrder" time="18.533"/>
</testsuite> <!-- pallavi.com.SeleniumFramework.tests.Products -->
