<?xml version="1.0" encoding="UTF-8"?>
<!-- Generated by org.testng.reporters.JUnitReportReporter -->
<testsuite hostname="Hanishs-MacBook-Air.local" failures="0" tests="2" name="pallavi.com.SeleniumFramework.tests.ErrorValidationsTest" time="35.032" errors="0" timestamp="2024-07-08T20:03:00 IST" skipped="0">
  <testcase classname="pallavi.com.SeleniumFramework.tests.ErrorValidationsTest" name="LoginPageErrorValidation" time="8.166"/>
  <testcase classname="pallavi.com.SeleniumFramework.tests.ErrorValidationsTest" name="ProductNameErrorValidation" time="26.866"/>
</testsuite> <!-- pallavi.com.SeleniumFramework.tests.ErrorValidationsTest -->
