<?xml version="1.0" encoding="UTF-8"?>
<!-- Generated by org.testng.reporters.JUnitReportReporter -->
<testsuite hostname="Hanishs-MacBook-Air.local" failures="0" tests="2" name="pallavi.com.SeleniumFramework.tests.ProductsTest" time="25.811" errors="0" timestamp="2024-07-08T23:01:59 IST" skipped="0">
  <testcase classname="pallavi.com.SeleniumFramework.tests.ProductsTest" name="SubmitOrder" time="19.844"/>
  <testcase classname="pallavi.com.SeleniumFramework.tests.ProductsTest" name="SubmitOrder" time="5.967"/>
</testsuite> <!-- pallavi.com.SeleniumFramework.tests.ProductsTest -->
